\BOOKMARK [1][-]{section.1}{Lynch, Gavin, et al. "The control of the false discovery rate in fixed sequence multiple testing." arXiv preprint arXiv:1611.03146 \(2016\).}{}% 1
\BOOKMARK [2][-]{subsection.1.1}{A conventional fixed sequence method that stops testing once an acceptance occurs}{section.1}% 2
\BOOKMARK [3][-]{subsubsection.1.1.1}{Under arbitrary dependence}{subsection.1.1}% 3
\BOOKMARK [3][-]{subsubsection.1.1.2}{Under negative dependence}{subsection.1.1}% 4
\BOOKMARK [2][-]{subsection.1.2}{Fixed Sequence Procedures that Allow More Acceptances}{section.1}% 5
\BOOKMARK [3][-]{subsubsection.1.2.1}{Under arbitrary dependence}{subsection.1.2}% 6
\BOOKMARK [3][-]{subsubsection.1.2.2}{Under the independence assumption}{subsection.1.2}% 7
\BOOKMARK [2][-]{subsection.1.3}{Data Driven Ordering}{section.1}% 8
\BOOKMARK [2][-]{subsection.1.4}{Assumption}{section.1}% 9
\BOOKMARK [3][-]{subsubsection.1.4.1}{Distribution of P-values}{subsection.1.4}% 10
\BOOKMARK [3][-]{subsubsection.1.4.2}{Positive regression dependence\(PRDS\)}{subsection.1.4}% 11
\BOOKMARK [3][-]{subsubsection.1.4.3}{Negative Association}{subsection.1.4}% 12
\BOOKMARK [1][-]{section.2}{G'Sell, Max Grazier, et al. "Sequential selection procedures and false discovery rate control." Journal of the royal statistical society: series B \(statistical methodology\) 78.2 \(2016\): 423-444.}{}% 13
\BOOKMARK [2][-]{subsection.2.1}{ForwardStop Method}{section.2}% 14
\BOOKMARK [2][-]{subsection.2.2}{StrongStop}{section.2}% 15
\BOOKMARK [2][-]{subsection.2.3}{Discussion}{section.2}% 16
\BOOKMARK [1][-]{section.3}{Lynch, Gavin, and Wenge Guo. "On Procedures Controlling the FDR for Testing Hierarchically Ordered Hypotheses." arXiv preprint arXiv:1612.04467 \(2016\).}{}% 17
\BOOKMARK [2][-]{subsection.3.1}{Notation and definition}{section.3}% 18
\BOOKMARK [2][-]{subsection.3.2}{Assumptions}{section.3}% 19
\BOOKMARK [2][-]{subsection.3.3}{A generalized stepwise procedure which generalizes the usual stepwise procedure to the case where each hypothesis is tested with a different set of critical constants.}{section.3}% 20
\BOOKMARK [2][-]{subsection.3.4}{Hierarchical testing procedures which control the FDR under various forms of dependence such as positive dependence and block dependence.}{section.3}% 21
\BOOKMARK [3][-]{subsubsection.3.4.1}{General Hierarchical Testing Procedure}{subsection.3.4}% 22
\BOOKMARK [3][-]{subsubsection.3.4.2}{Procedure under Positive Dependence}{subsection.3.4}% 23
\BOOKMARK [2][-]{subsection.3.5}{Discussion}{section.3}% 24
